{
  "stats": {
    "suites": 3,
    "tests": 4,
    "passes": 4,
    "pending": 0,
    "failures": 0,
    "start": "2025-09-21T20:42:53.645Z",
    "end": "2025-09-21T20:42:53.765Z",
    "duration": 120,
    "testsRegistered": 4,
    "passPercent": 100,
    "pendingPercent": 0,
    "other": 0,
    "hasOther": false,
    "skipped": 0,
    "hasSkipped": false
  },
  "results": [
    {
      "uuid": "0f2e026f-7903-4f3b-a8db-ad9924f05110",
      "title": "",
      "fullFile": "",
      "file": "",
      "beforeHooks": [],
      "afterHooks": [],
      "tests": [],
      "suites": [
        {
          "uuid": "7b37aaea-648d-41a7-a19f-eab7cde2fbb9",
          "title": "Checkout Rest",
          "fullFile": "C:\\Users\\user\\Downloads\\PosAutomacaoTestes\\Disciplinas\\AutomacaoAPI\\projetov2\\pgats-2025-02-base\\test\\external\\checkoutExternal.test.js",
          "file": "\\test\\external\\checkoutExternal.test.js",
          "beforeHooks": [],
          "afterHooks": [],
          "tests": [],
          "suites": [
            {
              "uuid": "50246d3e-6864-4be0-9abd-c9fdd85050eb",
              "title": "POST /checkout",
              "fullFile": "C:\\Users\\user\\Downloads\\PosAutomacaoTestes\\Disciplinas\\AutomacaoAPI\\projetov2\\pgats-2025-02-base\\test\\external\\checkoutExternal.test.js",
              "file": "\\test\\external\\checkoutExternal.test.js",
              "beforeHooks": [
                {
                  "title": "\"before each\" hook in \"POST /checkout\"",
                  "fullTitle": "Checkout Rest POST /checkout \"before each\" hook in \"POST /checkout\"",
                  "timedOut": false,
                  "duration": 7,
                  "state": null,
                  "speed": null,
                  "pass": false,
                  "fail": false,
                  "pending": false,
                  "context": null,
                  "code": "const respostaLogin = await request('http://localhost:3000')\n     .post('/api/users/login')\n     .send({\n        email: 'alice@email.com',\n        password: '123456'  \n    });        \n token = respostaLogin.body.token;",
                  "err": {},
                  "uuid": "4c18ef6f-330e-4ac9-8627-b6c61ad12b28",
                  "parentUUID": "50246d3e-6864-4be0-9abd-c9fdd85050eb",
                  "isHook": true,
                  "skipped": false
                }
              ],
              "afterHooks": [],
              "tests": [
                {
                  "title": "Quando o token é inválido, retorna 401",
                  "fullTitle": "Checkout Rest POST /checkout Quando o token é inválido, retorna 401",
                  "timedOut": false,
                  "duration": 7,
                  "state": "passed",
                  "speed": "fast",
                  "pass": true,
                  "fail": false,
                  "pending": false,
                  "context": null,
                  "code": "const resposta = await request('http://localhost:3000')\n     .post('/api/checkout')\n     .set('Authorization', 'Bearer token_invalido') // simula envio de token inválido\n     .send({\n         items: [{ productId: 1, quantity: 2 }],\n         freight: 10, \n           paymentMethod: 'credit_card',\n           cardData: { number: '1234-5678-9012-3456', expiry: '12/25', cvv: '123' },\n      });\n  expect(resposta.status).to.equal(401);      \n  expect(resposta.body).to.deep.equal({ error: 'Token inválido'});",
                  "err": {},
                  "uuid": "63e2a8e7-fd91-468d-8f4c-9f2d50057a45",
                  "parentUUID": "50246d3e-6864-4be0-9abd-c9fdd85050eb",
                  "isHook": false,
                  "skipped": false
                },
                {
                  "title": "Quando os dados do checkout são inválidos, retorna 400",
                  "fullTitle": "Checkout Rest POST /checkout Quando os dados do checkout são inválidos, retorna 400",
                  "timedOut": false,
                  "duration": 12,
                  "state": "passed",
                  "speed": "fast",
                  "pass": true,
                  "fail": false,
                  "pending": false,
                  "context": null,
                  "code": "const resposta = await request('http://localhost:3000')\n   .post('/api/checkout')\n   .set('Authorization', `Bearer ${token}`)\n   .send({\n       // Dados incompletos ou inválidos-sem items\n       freight: 10,\n       paymentMethod: 'credit_card',\n       cardData: { number: '1234-5678-9012-3456', expiry: '12/25', cvv: '123' },\n   });\n\n        expect(resposta.status).to.equal(400);\n        expect(resposta.body).to.have.property('error');",
                  "err": {},
                  "uuid": "6c381455-d504-4fa2-aa5a-953a2eadeb39",
                  "parentUUID": "50246d3e-6864-4be0-9abd-c9fdd85050eb",
                  "isHook": false,
                  "skipped": false
                },
                {
                  "title": "Quando o checkout é realizado com sucesso, retorna 200",
                  "fullTitle": "Checkout Rest POST /checkout Quando o checkout é realizado com sucesso, retorna 200",
                  "timedOut": false,
                  "duration": 5,
                  "state": "passed",
                  "speed": "fast",
                  "pass": true,
                  "fail": false,
                  "pending": false,
                  "context": null,
                  "code": "const resposta = await request('http://localhost:3000')\n    .post('/api/checkout')\n    .set('Authorization', `Bearer ${token}`)\n    .send({\n        items: [{ productId: 1, quantity: 2 }],\n        freight: 10,\n        paymentMethod: 'credit_card',\n        cardData: { number: '1234-5678-9012-3456', expiry: '12/25', cvv: '123' },\n    });\n// Validação com um Fixture\nconst respostaEsperada = require('../fixture/respostas/QuandoCheckoutRealizadoComSucesso.json');\n    \nexpect(resposta.status).to.equal(200);      \nexpect(resposta.body).to.deep.equal(respostaEsperada);\n       /* expect(resposta.body).to.have.property('valorFinal');       \nexpect(resposta.body).to.have.property('items');\nexpect(resposta.body).to.have.property('freight');\nexpect(resposta.body).to.have.property('paymentMethod');\nexpect(resposta.body).to.have.property('total'); */",
                  "err": {},
                  "uuid": "eba4b045-2251-4b83-b42d-5a7858b1d594",
                  "parentUUID": "50246d3e-6864-4be0-9abd-c9fdd85050eb",
                  "isHook": false,
                  "skipped": false
                }
              ],
              "suites": [],
              "passes": [
                "63e2a8e7-fd91-468d-8f4c-9f2d50057a45",
                "6c381455-d504-4fa2-aa5a-953a2eadeb39",
                "eba4b045-2251-4b83-b42d-5a7858b1d594"
              ],
              "failures": [],
              "pending": [],
              "skipped": [],
              "duration": 24,
              "root": false,
              "rootEmpty": false,
              "_timeout": 10000
            }
          ],
          "passes": [],
          "failures": [],
          "pending": [],
          "skipped": [],
          "duration": 0,
          "root": false,
          "rootEmpty": false,
          "_timeout": 10000
        },
        {
          "uuid": "19220083-7f1f-437e-8685-aceb1c3f29bc",
          "title": "Checkout GraphQL",
          "fullFile": "C:\\Users\\user\\Downloads\\PosAutomacaoTestes\\Disciplinas\\AutomacaoAPI\\projetov2\\pgats-2025-02-base\\test\\external\\checkoutExternalGraphQL.test.js",
          "file": "\\test\\external\\checkoutExternalGraphQL.test.js",
          "beforeHooks": [],
          "afterHooks": [],
          "tests": [
            {
              "title": "GraphQL: Quando o checkout é realizado com sucesso, retorna 200",
              "fullTitle": "Checkout GraphQL GraphQL: Quando o checkout é realizado com sucesso, retorna 200",
              "timedOut": false,
              "duration": 10,
              "state": "passed",
              "speed": "fast",
              "pass": true,
              "fail": false,
              "pending": false,
              "context": null,
              "code": "const resposta = await request('http://localhost:4000')\n      .post('/graphql')\n      .send({\n         query: `\n               mutation Mutation($email: String!, $password: String!) { \n                  login(email: $email, password: $password) {\n                     token \n                 }\n               }`,\n         variables:{  \n             email: 'alice@email.com',\n             password: '123456'\n         }\n      });     \n\n      const respostaCheckout  = await request('http://localhost:4000')\n    .post('/graphql')\n    .set('Authorization', `Bearer ${resposta.body.data.login.token}` )\n    .send({\n        query: ` \n          mutation Checkout($items: [CheckoutItemInput!]!, $freight: Float!, $paymentMethod: String!) {\n         checkout(items: $items, freight: $freight, paymentMethod: $paymentMethod) {\n             freight\n             items {\n             quantity\n             productId\n             }\n          }\n         }\n        `,\n        variables: {\n           items: [{ productId: 1, quantity: 2 }],\n           freight: 10,\n           paymentMethod: 'boleto'\n        }\n    });\n    expect(respostaCheckout.status).to.equal(200)",
              "err": {},
              "uuid": "15973a30-1222-415a-b10d-d6b29421a064",
              "parentUUID": "19220083-7f1f-437e-8685-aceb1c3f29bc",
              "isHook": false,
              "skipped": false
            }
          ],
          "suites": [],
          "passes": [
            "15973a30-1222-415a-b10d-d6b29421a064"
          ],
          "failures": [],
          "pending": [],
          "skipped": [],
          "duration": 10,
          "root": false,
          "rootEmpty": false,
          "_timeout": 10000
        }
      ],
      "passes": [],
      "failures": [],
      "pending": [],
      "skipped": [],
      "duration": 0,
      "root": true,
      "rootEmpty": true,
      "_timeout": 10000
    }
  ],
  "meta": {
    "mocha": {
      "version": "11.7.2"
    },
    "mochawesome": {
      "options": {
        "quiet": false,
        "reportFilename": "mochawesome",
        "saveHtml": true,
        "saveJson": true,
        "consoleReporter": "spec",
        "useInlineDiffs": false,
        "code": true
      },
      "version": "7.1.4"
    },
    "marge": {
      "options": null,
      "version": "6.3.0"
    }
  }
}